{"/Users/specifique/NpmLibraries/@adrianhelvik/api-toolkit/src/Controller.js": {"path":"/Users/specifique/NpmLibraries/@adrianhelvik/api-toolkit/src/Controller.js","statementMap":{"0":{"start":{"line":3,"column":17},"end":{"line":3,"column":35}},"1":{"start":{"line":4,"column":20},"end":{"line":4,"column":41}},"2":{"start":{"line":5,"column":34},"end":{"line":5,"column":69}},"3":{"start":{"line":6,"column":28},"end":{"line":6,"column":57}},"4":{"start":{"line":7,"column":21},"end":{"line":7,"column":36}},"5":{"start":{"line":16,"column":4},"end":{"line":16,"column":29}},"6":{"start":{"line":20,"column":4},"end":{"line":20,"column":30}},"7":{"start":{"line":24,"column":4},"end":{"line":24,"column":18}},"8":{"start":{"line":25,"column":4},"end":{"line":25,"column":18}},"9":{"start":{"line":26,"column":4},"end":{"line":26,"column":22}},"10":{"start":{"line":27,"column":4},"end":{"line":27,"column":31}},"11":{"start":{"line":31,"column":4},"end":{"line":31,"column":42}},"12":{"start":{"line":32,"column":4},"end":{"line":35,"column":6}},"13":{"start":{"line":39,"column":21},"end":{"line":39,"column":41}},"14":{"start":{"line":40,"column":18},"end":{"line":42,"column":12}},"15":{"start":{"line":44,"column":4},"end":{"line":48,"column":6}},"16":{"start":{"line":52,"column":32},"end":{"line":52,"column":36}},"17":{"start":{"line":54,"column":4},"end":{"line":58,"column":6}},"18":{"start":{"line":62,"column":32},"end":{"line":62,"column":36}},"19":{"start":{"line":63,"column":19},"end":{"line":63,"column":29}},"20":{"start":{"line":65,"column":4},"end":{"line":65,"column":27}},"21":{"start":{"line":66,"column":4},"end":{"line":69,"column":6}},"22":{"start":{"line":73,"column":32},"end":{"line":73,"column":36}},"23":{"start":{"line":74,"column":19},"end":{"line":74,"column":29}},"24":{"start":{"line":76,"column":21},"end":{"line":76,"column":53}},"25":{"start":{"line":78,"column":4},"end":{"line":81,"column":6}},"26":{"start":{"line":88,"column":4},"end":{"line":88,"column":39}},"27":{"start":{"line":89,"column":4},"end":{"line":93,"column":8}},"28":{"start":{"line":108,"column":19},"end":{"line":108,"column":31}},"29":{"start":{"line":110,"column":4},"end":{"line":112,"column":5}},"30":{"start":{"line":111,"column":6},"end":{"line":111,"column":63}},"31":{"start":{"line":114,"column":4},"end":{"line":114,"column":46}},"32":{"start":{"line":115,"column":4},"end":{"line":115,"column":55}},"33":{"start":{"line":116,"column":4},"end":{"line":116,"column":50}},"34":{"start":{"line":117,"column":4},"end":{"line":117,"column":62}},"35":{"start":{"line":118,"column":4},"end":{"line":118,"column":58}},"36":{"start":{"line":120,"column":4},"end":{"line":120,"column":17}},"37":{"start":{"line":129,"column":4},"end":{"line":129,"column":60}},"38":{"start":{"line":137,"column":25},"end":{"line":137,"column":70}},"39":{"start":{"line":139,"column":4},"end":{"line":141,"column":5}},"40":{"start":{"line":140,"column":6},"end":{"line":140,"column":35}},"41":{"start":{"line":149,"column":23},"end":{"line":149,"column":53}},"42":{"start":{"line":150,"column":6},"end":{"line":156,"column":7}},"43":{"start":{"line":151,"column":8},"end":{"line":151,"column":36}},"44":{"start":{"line":153,"column":8},"end":{"line":153,"column":40}},"45":{"start":{"line":154,"column":8},"end":{"line":154,"column":28}},"46":{"start":{"line":155,"column":8},"end":{"line":155,"column":36}},"47":{"start":{"line":159,"column":4},"end":{"line":159,"column":23}},"48":{"start":{"line":169,"column":0},"end":{"line":169,"column":39}}},"fnMap":{"0":{"name":"(anonymous_0)","decl":{"start":{"line":10,"column":2},"end":{"line":10,"column":3}},"loc":{"start":{"line":10,"column":21},"end":{"line":17,"column":3}}},"1":{"name":"(anonymous_1)","decl":{"start":{"line":19,"column":2},"end":{"line":19,"column":3}},"loc":{"start":{"line":19,"column":26},"end":{"line":21,"column":3}}},"2":{"name":"(anonymous_2)","decl":{"start":{"line":23,"column":2},"end":{"line":23,"column":3}},"loc":{"start":{"line":23,"column":31},"end":{"line":28,"column":3}}},"3":{"name":"(anonymous_3)","decl":{"start":{"line":30,"column":2},"end":{"line":30,"column":3}},"loc":{"start":{"line":30,"column":17},"end":{"line":36,"column":3}}},"4":{"name":"(anonymous_4)","decl":{"start":{"line":38,"column":2},"end":{"line":38,"column":3}},"loc":{"start":{"line":38,"column":14},"end":{"line":49,"column":3}}},"5":{"name":"(anonymous_5)","decl":{"start":{"line":51,"column":2},"end":{"line":51,"column":3}},"loc":{"start":{"line":51,"column":14},"end":{"line":59,"column":3}}},"6":{"name":"(anonymous_6)","decl":{"start":{"line":61,"column":2},"end":{"line":61,"column":3}},"loc":{"start":{"line":61,"column":18},"end":{"line":70,"column":3}}},"7":{"name":"(anonymous_7)","decl":{"start":{"line":72,"column":2},"end":{"line":72,"column":3}},"loc":{"start":{"line":72,"column":17},"end":{"line":82,"column":3}}},"8":{"name":"(anonymous_8)","decl":{"start":{"line":87,"column":2},"end":{"line":87,"column":3}},"loc":{"start":{"line":87,"column":29},"end":{"line":94,"column":3}}},"9":{"name":"(anonymous_9)","decl":{"start":{"line":107,"column":2},"end":{"line":107,"column":3}},"loc":{"start":{"line":107,"column":29},"end":{"line":121,"column":3}}},"10":{"name":"(anonymous_10)","decl":{"start":{"line":128,"column":2},"end":{"line":128,"column":3}},"loc":{"start":{"line":128,"column":34},"end":{"line":130,"column":3}}},"11":{"name":"(anonymous_11)","decl":{"start":{"line":135,"column":2},"end":{"line":135,"column":3}},"loc":{"start":{"line":135,"column":39},"end":{"line":142,"column":3}}},"12":{"name":"(anonymous_12)","decl":{"start":{"line":147,"column":2},"end":{"line":147,"column":3}},"loc":{"start":{"line":147,"column":43},"end":{"line":160,"column":3}}},"13":{"name":"routeHandler","decl":{"start":{"line":148,"column":19},"end":{"line":148,"column":31}},"loc":{"start":{"line":148,"column":42},"end":{"line":157,"column":5}}}},"branchMap":{"0":{"loc":{"start":{"line":40,"column":18},"end":{"line":42,"column":12}},"type":"cond-expr","locations":[{"start":{"line":41,"column":8},"end":{"line":41,"column":28}},{"start":{"line":42,"column":8},"end":{"line":42,"column":12}}]},"1":{"loc":{"start":{"line":89,"column":20},"end":{"line":89,"column":47}},"type":"binary-expr","locations":[{"start":{"line":89,"column":20},"end":{"line":89,"column":40}},{"start":{"line":89,"column":44},"end":{"line":89,"column":47}}]},"2":{"loc":{"start":{"line":110,"column":4},"end":{"line":112,"column":5}},"type":"if","locations":[{"start":{"line":110,"column":4},"end":{"line":112,"column":5}},{"start":{"line":110,"column":4},"end":{"line":112,"column":5}}]}},"s":{"0":1,"1":1,"2":1,"3":1,"4":1,"5":8,"6":4,"7":4,"8":4,"9":4,"10":4,"11":0,"12":0,"13":1,"14":1,"15":1,"16":1,"17":1,"18":1,"19":1,"20":1,"21":1,"22":1,"23":1,"24":1,"25":1,"26":0,"27":0,"28":4,"29":4,"30":0,"31":4,"32":4,"33":4,"34":4,"35":4,"36":4,"37":5,"38":1,"39":1,"40":5,"41":4,"42":4,"43":4,"44":0,"45":0,"46":0,"47":5,"48":1},"f":{"0":8,"1":4,"2":4,"3":0,"4":1,"5":1,"6":1,"7":1,"8":0,"9":4,"10":5,"11":1,"12":5,"13":4},"b":{"0":[0,1],"1":[0,0],"2":[0,4]},"_coverageSchema":"332fd63041d2c1bcb487cc26dd0d5f7d97098a6c","hash":"63849b8b84ee568f0a20316d22f02cc097d02b20"}
,"/Users/specifique/NpmLibraries/@adrianhelvik/api-toolkit/src/Model.js": {"path":"/Users/specifique/NpmLibraries/@adrianhelvik/api-toolkit/src/Model.js","statementMap":{"0":{"start":{"line":12,"column":4},"end":{"line":12,"column":27}},"1":{"start":{"line":19,"column":4},"end":{"line":21,"column":5}},"2":{"start":{"line":20,"column":6},"end":{"line":20,"column":46}},"3":{"start":{"line":22,"column":4},"end":{"line":22,"column":30}},"4":{"start":{"line":31,"column":4},"end":{"line":33,"column":5}},"5":{"start":{"line":32,"column":6},"end":{"line":32,"column":44}},"6":{"start":{"line":35,"column":4},"end":{"line":35,"column":22}},"7":{"start":{"line":39,"column":4},"end":{"line":39,"column":41}},"8":{"start":{"line":43,"column":4},"end":{"line":43,"column":43}},"9":{"start":{"line":47,"column":4},"end":{"line":47,"column":43}},"10":{"start":{"line":51,"column":4},"end":{"line":51,"column":23}},"11":{"start":{"line":55,"column":4},"end":{"line":59,"column":5}},"12":{"start":{"line":61,"column":4},"end":{"line":64,"column":6}},"13":{"start":{"line":68,"column":4},"end":{"line":68,"column":31}},"14":{"start":{"line":72,"column":22},"end":{"line":72,"column":26}},"15":{"start":{"line":74,"column":16},"end":{"line":76,"column":18}},"16":{"start":{"line":78,"column":4},"end":{"line":81,"column":5}},"17":{"start":{"line":79,"column":6},"end":{"line":80,"column":28}},"18":{"start":{"line":83,"column":4},"end":{"line":83,"column":27}},"19":{"start":{"line":85,"column":4},"end":{"line":88,"column":5}},"20":{"start":{"line":92,"column":18},"end":{"line":92,"column":54}},"21":{"start":{"line":93,"column":22},"end":{"line":93,"column":64}},"22":{"start":{"line":95,"column":4},"end":{"line":95,"column":20}},"23":{"start":{"line":99,"column":4},"end":{"line":101,"column":5}},"24":{"start":{"line":100,"column":6},"end":{"line":100,"column":80}},"25":{"start":{"line":102,"column":4},"end":{"line":104,"column":5}},"26":{"start":{"line":103,"column":6},"end":{"line":103,"column":84}},"27":{"start":{"line":105,"column":4},"end":{"line":107,"column":5}},"28":{"start":{"line":106,"column":6},"end":{"line":106,"column":85}},"29":{"start":{"line":109,"column":23},"end":{"line":109,"column":49}},"30":{"start":{"line":111,"column":22},"end":{"line":112,"column":34}},"31":{"start":{"line":112,"column":19},"end":{"line":112,"column":33}},"32":{"start":{"line":114,"column":4},"end":{"line":118,"column":5}},"33":{"start":{"line":115,"column":6},"end":{"line":117,"column":7}},"34":{"start":{"line":116,"column":8},"end":{"line":116,"column":38}},"35":{"start":{"line":120,"column":4},"end":{"line":120,"column":20}},"36":{"start":{"line":127,"column":22},"end":{"line":127,"column":26}},"37":{"start":{"line":128,"column":18},"end":{"line":128,"column":38}},"38":{"start":{"line":129,"column":4},"end":{"line":129,"column":53}},"39":{"start":{"line":133,"column":4},"end":{"line":135,"column":5}},"40":{"start":{"line":134,"column":6},"end":{"line":134,"column":86}},"41":{"start":{"line":137,"column":18},"end":{"line":141,"column":16}},"42":{"start":{"line":143,"column":20},"end":{"line":146,"column":6}},"43":{"start":{"line":148,"column":4},"end":{"line":148,"column":18}},"44":{"start":{"line":152,"column":4},"end":{"line":152,"column":37}},"45":{"start":{"line":153,"column":4},"end":{"line":153,"column":40}},"46":{"start":{"line":157,"column":31},"end":{"line":157,"column":47}},"47":{"start":{"line":159,"column":4},"end":{"line":164,"column":5}},"48":{"start":{"line":160,"column":6},"end":{"line":163,"column":7}},"49":{"start":{"line":162,"column":8},"end":{"line":162,"column":67}},"50":{"start":{"line":168,"column":41},"end":{"line":168,"column":86}},"51":{"start":{"line":170,"column":4},"end":{"line":172,"column":5}},"52":{"start":{"line":171,"column":6},"end":{"line":171,"column":65}},"53":{"start":{"line":174,"column":20},"end":{"line":174,"column":71}},"54":{"start":{"line":176,"column":4},"end":{"line":176,"column":24}},"55":{"start":{"line":180,"column":4},"end":{"line":185,"column":5}},"56":{"start":{"line":181,"column":6},"end":{"line":184,"column":7}},"57":{"start":{"line":186,"column":4},"end":{"line":189,"column":5}},"58":{"start":{"line":193,"column":34},"end":{"line":193,"column":50}},"59":{"start":{"line":194,"column":19},"end":{"line":194,"column":23}},"60":{"start":{"line":196,"column":4},"end":{"line":227,"column":5}},"61":{"start":{"line":197,"column":6},"end":{"line":226,"column":7}},"62":{"start":{"line":198,"column":29},"end":{"line":198,"column":49}},"63":{"start":{"line":200,"column":32},"end":{"line":200,"column":43}},"64":{"start":{"line":201,"column":35},"end":{"line":201,"column":59}},"65":{"start":{"line":202,"column":33},"end":{"line":202,"column":75}},"66":{"start":{"line":204,"column":26},"end":{"line":204,"column":49}},"67":{"start":{"line":205,"column":29},"end":{"line":205,"column":55}},"68":{"start":{"line":207,"column":27},"end":{"line":210,"column":10}},"69":{"start":{"line":211,"column":29},"end":{"line":211,"column":47}},"70":{"start":{"line":213,"column":22},"end":{"line":220,"column":9}},"71":{"start":{"line":222,"column":27},"end":{"line":222,"column":65}},"72":{"start":{"line":224,"column":8},"end":{"line":225,"column":46}},"73":{"start":{"line":225,"column":23},"end":{"line":225,"column":45}},"74":{"start":{"line":231,"column":22},"end":{"line":231,"column":26}},"75":{"start":{"line":233,"column":18},"end":{"line":238,"column":16}},"76":{"start":{"line":240,"column":4},"end":{"line":243,"column":5}},"77":{"start":{"line":247,"column":20},"end":{"line":252,"column":16}},"78":{"start":{"line":254,"column":18},"end":{"line":254,"column":30}},"79":{"start":{"line":255,"column":19},"end":{"line":255,"column":33}},"80":{"start":{"line":257,"column":23},"end":{"line":257,"column":61}},"81":{"start":{"line":259,"column":4},"end":{"line":259,"column":34}},"82":{"start":{"line":263,"column":4},"end":{"line":265,"column":5}},"83":{"start":{"line":264,"column":6},"end":{"line":264,"column":30}},"84":{"start":{"line":267,"column":18},"end":{"line":267,"column":44}},"85":{"start":{"line":268,"column":23},"end":{"line":268,"column":49}},"86":{"start":{"line":269,"column":22},"end":{"line":269,"column":35}},"87":{"start":{"line":271,"column":4},"end":{"line":273,"column":5}},"88":{"start":{"line":272,"column":6},"end":{"line":272,"column":17}},"89":{"start":{"line":275,"column":21},"end":{"line":275,"column":40}},"90":{"start":{"line":277,"column":4},"end":{"line":277,"column":19}},"91":{"start":{"line":281,"column":19},"end":{"line":281,"column":21}},"92":{"start":{"line":283,"column":4},"end":{"line":285,"column":5}},"93":{"start":{"line":284,"column":6},"end":{"line":284,"column":29}},"94":{"start":{"line":287,"column":4},"end":{"line":287,"column":17}},"95":{"start":{"line":291,"column":22},"end":{"line":291,"column":38}},"96":{"start":{"line":293,"column":19},"end":{"line":293,"column":39}},"97":{"start":{"line":295,"column":18},"end":{"line":298,"column":16}},"98":{"start":{"line":300,"column":23},"end":{"line":303,"column":6}},"99":{"start":{"line":305,"column":23},"end":{"line":305,"column":36}},"100":{"start":{"line":307,"column":4},"end":{"line":307,"column":35}},"101":{"start":{"line":311,"column":21},"end":{"line":311,"column":37}},"102":{"start":{"line":312,"column":4},"end":{"line":312,"column":25}},"103":{"start":{"line":314,"column":4},"end":{"line":314,"column":33}},"104":{"start":{"line":316,"column":4},"end":{"line":316,"column":19}},"105":{"start":{"line":320,"column":22},"end":{"line":320,"column":26}},"106":{"start":{"line":322,"column":18},"end":{"line":325,"column":16}},"107":{"start":{"line":327,"column":4},"end":{"line":330,"column":5}},"108":{"start":{"line":334,"column":24},"end":{"line":334,"column":42}},"109":{"start":{"line":336,"column":18},"end":{"line":336,"column":48}},"110":{"start":{"line":337,"column":4},"end":{"line":337,"column":30}},"111":{"start":{"line":339,"column":4},"end":{"line":339,"column":37}},"112":{"start":{"line":343,"column":4},"end":{"line":343,"column":43}},"113":{"start":{"line":347,"column":22},"end":{"line":347,"column":26}},"114":{"start":{"line":349,"column":18},"end":{"line":352,"column":16}},"115":{"start":{"line":354,"column":4},"end":{"line":357,"column":5}},"116":{"start":{"line":361,"column":4},"end":{"line":365,"column":5}},"117":{"start":{"line":362,"column":20},"end":{"line":362,"column":58}},"118":{"start":{"line":363,"column":6},"end":{"line":363,"column":32}},"119":{"start":{"line":364,"column":6},"end":{"line":364,"column":17}},"120":{"start":{"line":367,"column":18},"end":{"line":367,"column":56}},"121":{"start":{"line":368,"column":4},"end":{"line":368,"column":30}},"122":{"start":{"line":369,"column":21},"end":{"line":369,"column":39}},"123":{"start":{"line":370,"column":4},"end":{"line":370,"column":33}},"124":{"start":{"line":371,"column":4},"end":{"line":371,"column":19}}},"fnMap":{"0":{"name":"(anonymous_0)","decl":{"start":{"line":11,"column":2},"end":{"line":11,"column":3}},"loc":{"start":{"line":11,"column":29},"end":{"line":13,"column":3}}},"1":{"name":"(anonymous_1)","decl":{"start":{"line":18,"column":2},"end":{"line":18,"column":3}},"loc":{"start":{"line":18,"column":29},"end":{"line":23,"column":3}}},"2":{"name":"(anonymous_2)","decl":{"start":{"line":30,"column":2},"end":{"line":30,"column":3}},"loc":{"start":{"line":30,"column":21},"end":{"line":36,"column":3}}},"3":{"name":"(anonymous_3)","decl":{"start":{"line":38,"column":2},"end":{"line":38,"column":3}},"loc":{"start":{"line":38,"column":21},"end":{"line":40,"column":3}}},"4":{"name":"(anonymous_4)","decl":{"start":{"line":42,"column":2},"end":{"line":42,"column":3}},"loc":{"start":{"line":42,"column":23},"end":{"line":44,"column":3}}},"5":{"name":"(anonymous_5)","decl":{"start":{"line":46,"column":2},"end":{"line":46,"column":3}},"loc":{"start":{"line":46,"column":23},"end":{"line":48,"column":3}}},"6":{"name":"(anonymous_6)","decl":{"start":{"line":50,"column":2},"end":{"line":50,"column":3}},"loc":{"start":{"line":50,"column":26},"end":{"line":52,"column":3}}},"7":{"name":"(anonymous_7)","decl":{"start":{"line":54,"column":2},"end":{"line":54,"column":3}},"loc":{"start":{"line":54,"column":43},"end":{"line":65,"column":3}}},"8":{"name":"(anonymous_8)","decl":{"start":{"line":67,"column":2},"end":{"line":67,"column":3}},"loc":{"start":{"line":67,"column":22},"end":{"line":69,"column":3}}},"9":{"name":"(anonymous_9)","decl":{"start":{"line":71,"column":2},"end":{"line":71,"column":3}},"loc":{"start":{"line":71,"column":41},"end":{"line":89,"column":3}}},"10":{"name":"(anonymous_10)","decl":{"start":{"line":91,"column":2},"end":{"line":91,"column":3}},"loc":{"start":{"line":91,"column":40},"end":{"line":96,"column":3}}},"11":{"name":"(anonymous_11)","decl":{"start":{"line":98,"column":2},"end":{"line":98,"column":3}},"loc":{"start":{"line":98,"column":53},"end":{"line":121,"column":3}}},"12":{"name":"(anonymous_12)","decl":{"start":{"line":112,"column":11},"end":{"line":112,"column":12}},"loc":{"start":{"line":112,"column":19},"end":{"line":112,"column":33}}},"13":{"name":"(anonymous_13)","decl":{"start":{"line":126,"column":2},"end":{"line":126,"column":3}},"loc":{"start":{"line":126,"column":30},"end":{"line":130,"column":3}}},"14":{"name":"(anonymous_14)","decl":{"start":{"line":132,"column":2},"end":{"line":132,"column":3}},"loc":{"start":{"line":132,"column":37},"end":{"line":149,"column":3}}},"15":{"name":"(anonymous_15)","decl":{"start":{"line":151,"column":2},"end":{"line":151,"column":3}},"loc":{"start":{"line":151,"column":24},"end":{"line":154,"column":3}}},"16":{"name":"(anonymous_16)","decl":{"start":{"line":156,"column":2},"end":{"line":156,"column":3}},"loc":{"start":{"line":156,"column":31},"end":{"line":165,"column":3}}},"17":{"name":"(anonymous_17)","decl":{"start":{"line":167,"column":2},"end":{"line":167,"column":3}},"loc":{"start":{"line":167,"column":43},"end":{"line":177,"column":3}}},"18":{"name":"(anonymous_18)","decl":{"start":{"line":179,"column":2},"end":{"line":179,"column":3}},"loc":{"start":{"line":179,"column":38},"end":{"line":190,"column":3}}},"19":{"name":"(anonymous_19)","decl":{"start":{"line":192,"column":2},"end":{"line":192,"column":3}},"loc":{"start":{"line":192,"column":34},"end":{"line":228,"column":3}}},"20":{"name":"(anonymous_20)","decl":{"start":{"line":225,"column":15},"end":{"line":225,"column":16}},"loc":{"start":{"line":225,"column":23},"end":{"line":225,"column":45}}},"21":{"name":"(anonymous_21)","decl":{"start":{"line":230,"column":2},"end":{"line":230,"column":3}},"loc":{"start":{"line":230,"column":31},"end":{"line":244,"column":3}}},"22":{"name":"(anonymous_22)","decl":{"start":{"line":246,"column":2},"end":{"line":246,"column":3}},"loc":{"start":{"line":246,"column":43},"end":{"line":260,"column":3}}},"23":{"name":"(anonymous_23)","decl":{"start":{"line":262,"column":2},"end":{"line":262,"column":3}},"loc":{"start":{"line":262,"column":23},"end":{"line":278,"column":3}}},"24":{"name":"(anonymous_24)","decl":{"start":{"line":280,"column":2},"end":{"line":280,"column":3}},"loc":{"start":{"line":280,"column":18},"end":{"line":288,"column":3}}},"25":{"name":"(anonymous_25)","decl":{"start":{"line":290,"column":2},"end":{"line":290,"column":3}},"loc":{"start":{"line":290,"column":15},"end":{"line":308,"column":3}}},"26":{"name":"(anonymous_26)","decl":{"start":{"line":310,"column":2},"end":{"line":310,"column":3}},"loc":{"start":{"line":310,"column":30},"end":{"line":317,"column":3}}},"27":{"name":"(anonymous_27)","decl":{"start":{"line":319,"column":2},"end":{"line":319,"column":3}},"loc":{"start":{"line":319,"column":35},"end":{"line":331,"column":3}}},"28":{"name":"(anonymous_28)","decl":{"start":{"line":333,"column":2},"end":{"line":333,"column":3}},"loc":{"start":{"line":333,"column":27},"end":{"line":340,"column":3}}},"29":{"name":"(anonymous_29)","decl":{"start":{"line":342,"column":2},"end":{"line":342,"column":3}},"loc":{"start":{"line":342,"column":18},"end":{"line":344,"column":3}}},"30":{"name":"(anonymous_30)","decl":{"start":{"line":346,"column":2},"end":{"line":346,"column":3}},"loc":{"start":{"line":346,"column":43},"end":{"line":358,"column":3}}},"31":{"name":"(anonymous_31)","decl":{"start":{"line":360,"column":2},"end":{"line":360,"column":3}},"loc":{"start":{"line":360,"column":40},"end":{"line":372,"column":3}}}},"branchMap":{"0":{"loc":{"start":{"line":19,"column":4},"end":{"line":21,"column":5}},"type":"if","locations":[{"start":{"line":19,"column":4},"end":{"line":21,"column":5}},{"start":{"line":19,"column":4},"end":{"line":21,"column":5}}]},"1":{"loc":{"start":{"line":31,"column":4},"end":{"line":33,"column":5}},"type":"if","locations":[{"start":{"line":31,"column":4},"end":{"line":33,"column":5}},{"start":{"line":31,"column":4},"end":{"line":33,"column":5}}]},"2":{"loc":{"start":{"line":78,"column":4},"end":{"line":81,"column":5}},"type":"if","locations":[{"start":{"line":78,"column":4},"end":{"line":81,"column":5}},{"start":{"line":78,"column":4},"end":{"line":81,"column":5}}]},"3":{"loc":{"start":{"line":91,"column":19},"end":{"line":91,"column":38}},"type":"default-arg","locations":[{"start":{"line":91,"column":34},"end":{"line":91,"column":38}}]},"4":{"loc":{"start":{"line":99,"column":4},"end":{"line":101,"column":5}},"type":"if","locations":[{"start":{"line":99,"column":4},"end":{"line":101,"column":5}},{"start":{"line":99,"column":4},"end":{"line":101,"column":5}}]},"5":{"loc":{"start":{"line":102,"column":4},"end":{"line":104,"column":5}},"type":"if","locations":[{"start":{"line":102,"column":4},"end":{"line":104,"column":5}},{"start":{"line":102,"column":4},"end":{"line":104,"column":5}}]},"6":{"loc":{"start":{"line":105,"column":4},"end":{"line":107,"column":5}},"type":"if","locations":[{"start":{"line":105,"column":4},"end":{"line":107,"column":5}},{"start":{"line":105,"column":4},"end":{"line":107,"column":5}}]},"7":{"loc":{"start":{"line":114,"column":4},"end":{"line":118,"column":5}},"type":"if","locations":[{"start":{"line":114,"column":4},"end":{"line":118,"column":5}},{"start":{"line":114,"column":4},"end":{"line":118,"column":5}}]},"8":{"loc":{"start":{"line":133,"column":4},"end":{"line":135,"column":5}},"type":"if","locations":[{"start":{"line":133,"column":4},"end":{"line":135,"column":5}},{"start":{"line":133,"column":4},"end":{"line":135,"column":5}}]},"9":{"loc":{"start":{"line":159,"column":4},"end":{"line":164,"column":5}},"type":"if","locations":[{"start":{"line":159,"column":4},"end":{"line":164,"column":5}},{"start":{"line":159,"column":4},"end":{"line":164,"column":5}}]},"10":{"loc":{"start":{"line":170,"column":4},"end":{"line":172,"column":5}},"type":"if","locations":[{"start":{"line":170,"column":4},"end":{"line":172,"column":5}},{"start":{"line":170,"column":4},"end":{"line":172,"column":5}}]},"11":{"loc":{"start":{"line":180,"column":4},"end":{"line":185,"column":5}},"type":"if","locations":[{"start":{"line":180,"column":4},"end":{"line":185,"column":5}},{"start":{"line":180,"column":4},"end":{"line":185,"column":5}}]},"12":{"loc":{"start":{"line":196,"column":4},"end":{"line":227,"column":5}},"type":"if","locations":[{"start":{"line":196,"column":4},"end":{"line":227,"column":5}},{"start":{"line":196,"column":4},"end":{"line":227,"column":5}}]},"13":{"loc":{"start":{"line":246,"column":24},"end":{"line":246,"column":41}},"type":"default-arg","locations":[{"start":{"line":246,"column":39},"end":{"line":246,"column":41}}]},"14":{"loc":{"start":{"line":263,"column":4},"end":{"line":265,"column":5}},"type":"if","locations":[{"start":{"line":263,"column":4},"end":{"line":265,"column":5}},{"start":{"line":263,"column":4},"end":{"line":265,"column":5}}]},"15":{"loc":{"start":{"line":263,"column":8},"end":{"line":263,"column":36}},"type":"binary-expr","locations":[{"start":{"line":263,"column":8},"end":{"line":263,"column":10}},{"start":{"line":263,"column":14},"end":{"line":263,"column":36}}]},"16":{"loc":{"start":{"line":271,"column":4},"end":{"line":273,"column":5}},"type":"if","locations":[{"start":{"line":271,"column":4},"end":{"line":273,"column":5}},{"start":{"line":271,"column":4},"end":{"line":273,"column":5}}]},"17":{"loc":{"start":{"line":360,"column":26},"end":{"line":360,"column":38}},"type":"default-arg","locations":[{"start":{"line":360,"column":36},"end":{"line":360,"column":38}}]},"18":{"loc":{"start":{"line":361,"column":4},"end":{"line":365,"column":5}},"type":"if","locations":[{"start":{"line":361,"column":4},"end":{"line":365,"column":5}},{"start":{"line":361,"column":4},"end":{"line":365,"column":5}}]}},"s":{"0":13,"1":4,"2":4,"3":4,"4":19,"5":12,"6":19,"7":0,"8":0,"9":4,"10":15,"11":12,"12":12,"13":10,"14":2,"15":2,"16":2,"17":0,"18":2,"19":2,"20":1,"21":1,"22":1,"23":2,"24":0,"25":2,"26":0,"27":2,"28":0,"29":2,"30":2,"31":3,"32":2,"33":0,"34":0,"35":2,"36":0,"37":0,"38":0,"39":1,"40":0,"41":1,"42":1,"43":1,"44":0,"45":0,"46":1,"47":1,"48":1,"49":1,"50":1,"51":1,"52":0,"53":1,"54":1,"55":1,"56":0,"57":1,"58":0,"59":0,"60":0,"61":0,"62":0,"63":0,"64":0,"65":0,"66":0,"67":0,"68":0,"69":0,"70":0,"71":0,"72":0,"73":0,"74":5,"75":5,"76":5,"77":0,"78":0,"79":0,"80":0,"81":0,"82":4,"83":0,"84":4,"85":4,"86":4,"87":4,"88":1,"89":3,"90":3,"91":4,"92":4,"93":7,"94":4,"95":3,"96":3,"97":3,"98":3,"99":3,"100":3,"101":2,"102":2,"103":2,"104":2,"105":2,"106":2,"107":2,"108":1,"109":1,"110":1,"111":1,"112":0,"113":1,"114":1,"115":1,"116":2,"117":1,"118":1,"119":1,"120":1,"121":1,"122":1,"123":1,"124":1},"f":{"0":13,"1":4,"2":19,"3":0,"4":0,"5":4,"6":15,"7":12,"8":10,"9":2,"10":1,"11":2,"12":3,"13":0,"14":1,"15":0,"16":1,"17":1,"18":1,"19":0,"20":0,"21":5,"22":0,"23":4,"24":4,"25":3,"26":2,"27":2,"28":1,"29":0,"30":1,"31":2},"b":{"0":[4,0],"1":[12,7],"2":[0,2],"3":[1],"4":[0,2],"5":[0,2],"6":[0,2],"7":[0,2],"8":[0,1],"9":[1,0],"10":[0,1],"11":[0,1],"12":[0,0],"13":[0],"14":[0,4],"15":[4,4],"16":[1,3],"17":[1],"18":[1,1]},"_coverageSchema":"332fd63041d2c1bcb487cc26dd0d5f7d97098a6c","hash":"7648438c642efdef04e70aa34e78a7fb5697c3d8"}
}
