{"/Users/specifique/NpmLibraries/@adrianhelvik/api-toolkit/src/Controller.js": {"path":"/Users/specifique/NpmLibraries/@adrianhelvik/api-toolkit/src/Controller.js","statementMap":{"0":{"start":{"line":3,"column":17},"end":{"line":3,"column":35}},"1":{"start":{"line":4,"column":20},"end":{"line":4,"column":41}},"2":{"start":{"line":5,"column":34},"end":{"line":5,"column":69}},"3":{"start":{"line":6,"column":28},"end":{"line":6,"column":57}},"4":{"start":{"line":7,"column":21},"end":{"line":7,"column":36}},"5":{"start":{"line":16,"column":4},"end":{"line":16,"column":29}},"6":{"start":{"line":20,"column":4},"end":{"line":20,"column":30}},"7":{"start":{"line":24,"column":4},"end":{"line":24,"column":18}},"8":{"start":{"line":25,"column":4},"end":{"line":25,"column":18}},"9":{"start":{"line":26,"column":4},"end":{"line":26,"column":22}},"10":{"start":{"line":27,"column":4},"end":{"line":27,"column":31}},"11":{"start":{"line":31,"column":4},"end":{"line":31,"column":42}},"12":{"start":{"line":32,"column":4},"end":{"line":35,"column":6}},"13":{"start":{"line":39,"column":21},"end":{"line":39,"column":41}},"14":{"start":{"line":40,"column":18},"end":{"line":42,"column":12}},"15":{"start":{"line":44,"column":4},"end":{"line":48,"column":6}},"16":{"start":{"line":52,"column":32},"end":{"line":52,"column":36}},"17":{"start":{"line":54,"column":4},"end":{"line":58,"column":6}},"18":{"start":{"line":62,"column":32},"end":{"line":62,"column":36}},"19":{"start":{"line":63,"column":19},"end":{"line":63,"column":29}},"20":{"start":{"line":65,"column":4},"end":{"line":65,"column":27}},"21":{"start":{"line":66,"column":4},"end":{"line":69,"column":6}},"22":{"start":{"line":73,"column":32},"end":{"line":73,"column":36}},"23":{"start":{"line":74,"column":19},"end":{"line":74,"column":29}},"24":{"start":{"line":76,"column":21},"end":{"line":76,"column":53}},"25":{"start":{"line":78,"column":4},"end":{"line":81,"column":6}},"26":{"start":{"line":88,"column":4},"end":{"line":88,"column":39}},"27":{"start":{"line":89,"column":4},"end":{"line":93,"column":8}},"28":{"start":{"line":108,"column":19},"end":{"line":108,"column":31}},"29":{"start":{"line":110,"column":4},"end":{"line":112,"column":5}},"30":{"start":{"line":111,"column":6},"end":{"line":111,"column":63}},"31":{"start":{"line":114,"column":4},"end":{"line":114,"column":46}},"32":{"start":{"line":115,"column":4},"end":{"line":115,"column":55}},"33":{"start":{"line":116,"column":4},"end":{"line":116,"column":50}},"34":{"start":{"line":117,"column":4},"end":{"line":117,"column":62}},"35":{"start":{"line":118,"column":4},"end":{"line":118,"column":58}},"36":{"start":{"line":120,"column":4},"end":{"line":120,"column":17}},"37":{"start":{"line":128,"column":25},"end":{"line":128,"column":70}},"38":{"start":{"line":130,"column":4},"end":{"line":132,"column":5}},"39":{"start":{"line":131,"column":6},"end":{"line":131,"column":62}},"40":{"start":{"line":140,"column":23},"end":{"line":140,"column":53}},"41":{"start":{"line":141,"column":6},"end":{"line":147,"column":7}},"42":{"start":{"line":142,"column":8},"end":{"line":142,"column":36}},"43":{"start":{"line":144,"column":8},"end":{"line":144,"column":40}},"44":{"start":{"line":145,"column":8},"end":{"line":145,"column":28}},"45":{"start":{"line":146,"column":8},"end":{"line":146,"column":36}},"46":{"start":{"line":150,"column":4},"end":{"line":150,"column":23}},"47":{"start":{"line":160,"column":0},"end":{"line":160,"column":39}}},"fnMap":{"0":{"name":"(anonymous_0)","decl":{"start":{"line":10,"column":2},"end":{"line":10,"column":3}},"loc":{"start":{"line":10,"column":21},"end":{"line":17,"column":3}}},"1":{"name":"(anonymous_1)","decl":{"start":{"line":19,"column":2},"end":{"line":19,"column":3}},"loc":{"start":{"line":19,"column":26},"end":{"line":21,"column":3}}},"2":{"name":"(anonymous_2)","decl":{"start":{"line":23,"column":2},"end":{"line":23,"column":3}},"loc":{"start":{"line":23,"column":31},"end":{"line":28,"column":3}}},"3":{"name":"(anonymous_3)","decl":{"start":{"line":30,"column":2},"end":{"line":30,"column":3}},"loc":{"start":{"line":30,"column":17},"end":{"line":36,"column":3}}},"4":{"name":"(anonymous_4)","decl":{"start":{"line":38,"column":2},"end":{"line":38,"column":3}},"loc":{"start":{"line":38,"column":14},"end":{"line":49,"column":3}}},"5":{"name":"(anonymous_5)","decl":{"start":{"line":51,"column":2},"end":{"line":51,"column":3}},"loc":{"start":{"line":51,"column":14},"end":{"line":59,"column":3}}},"6":{"name":"(anonymous_6)","decl":{"start":{"line":61,"column":2},"end":{"line":61,"column":3}},"loc":{"start":{"line":61,"column":18},"end":{"line":70,"column":3}}},"7":{"name":"(anonymous_7)","decl":{"start":{"line":72,"column":2},"end":{"line":72,"column":3}},"loc":{"start":{"line":72,"column":17},"end":{"line":82,"column":3}}},"8":{"name":"(anonymous_8)","decl":{"start":{"line":87,"column":2},"end":{"line":87,"column":3}},"loc":{"start":{"line":87,"column":29},"end":{"line":94,"column":3}}},"9":{"name":"(anonymous_9)","decl":{"start":{"line":107,"column":2},"end":{"line":107,"column":3}},"loc":{"start":{"line":107,"column":29},"end":{"line":121,"column":3}}},"10":{"name":"(anonymous_10)","decl":{"start":{"line":126,"column":2},"end":{"line":126,"column":3}},"loc":{"start":{"line":126,"column":39},"end":{"line":133,"column":3}}},"11":{"name":"(anonymous_11)","decl":{"start":{"line":138,"column":2},"end":{"line":138,"column":3}},"loc":{"start":{"line":138,"column":43},"end":{"line":151,"column":3}}},"12":{"name":"routeHandler","decl":{"start":{"line":139,"column":19},"end":{"line":139,"column":31}},"loc":{"start":{"line":139,"column":42},"end":{"line":148,"column":5}}}},"branchMap":{"0":{"loc":{"start":{"line":40,"column":18},"end":{"line":42,"column":12}},"type":"cond-expr","locations":[{"start":{"line":41,"column":8},"end":{"line":41,"column":28}},{"start":{"line":42,"column":8},"end":{"line":42,"column":12}}]},"1":{"loc":{"start":{"line":89,"column":20},"end":{"line":89,"column":37}},"type":"binary-expr","locations":[{"start":{"line":89,"column":20},"end":{"line":89,"column":30}},{"start":{"line":89,"column":34},"end":{"line":89,"column":37}}]},"2":{"loc":{"start":{"line":110,"column":4},"end":{"line":112,"column":5}},"type":"if","locations":[{"start":{"line":110,"column":4},"end":{"line":112,"column":5}},{"start":{"line":110,"column":4},"end":{"line":112,"column":5}}]}},"s":{"0":1,"1":1,"2":1,"3":1,"4":1,"5":8,"6":4,"7":4,"8":4,"9":4,"10":4,"11":0,"12":0,"13":1,"14":1,"15":1,"16":1,"17":1,"18":1,"19":1,"20":1,"21":1,"22":1,"23":1,"24":1,"25":1,"26":0,"27":0,"28":4,"29":4,"30":0,"31":4,"32":4,"33":4,"34":4,"35":4,"36":4,"37":1,"38":1,"39":5,"40":4,"41":4,"42":4,"43":0,"44":0,"45":0,"46":5,"47":1},"f":{"0":8,"1":4,"2":4,"3":0,"4":1,"5":1,"6":1,"7":1,"8":0,"9":4,"10":1,"11":5,"12":4},"b":{"0":[0,1],"1":[0,0],"2":[0,4]},"_coverageSchema":"332fd63041d2c1bcb487cc26dd0d5f7d97098a6c","hash":"5317597817ea471f57211fe88c39928c4f99ddf1"}
,"/Users/specifique/NpmLibraries/@adrianhelvik/api-toolkit/src/Model.js": {"path":"/Users/specifique/NpmLibraries/@adrianhelvik/api-toolkit/src/Model.js","statementMap":{"0":{"start":{"line":4,"column":0},"end":{"line":4,"column":26}},"1":{"start":{"line":15,"column":4},"end":{"line":17,"column":5}},"2":{"start":{"line":16,"column":6},"end":{"line":16,"column":46}},"3":{"start":{"line":18,"column":4},"end":{"line":18,"column":30}},"4":{"start":{"line":27,"column":4},"end":{"line":29,"column":5}},"5":{"start":{"line":28,"column":6},"end":{"line":28,"column":44}},"6":{"start":{"line":31,"column":4},"end":{"line":31,"column":22}},"7":{"start":{"line":35,"column":4},"end":{"line":35,"column":41}},"8":{"start":{"line":39,"column":4},"end":{"line":39,"column":43}},"9":{"start":{"line":43,"column":4},"end":{"line":43,"column":43}},"10":{"start":{"line":47,"column":4},"end":{"line":47,"column":23}},"11":{"start":{"line":51,"column":4},"end":{"line":55,"column":5}},"12":{"start":{"line":57,"column":4},"end":{"line":60,"column":6}},"13":{"start":{"line":64,"column":4},"end":{"line":64,"column":31}},"14":{"start":{"line":68,"column":22},"end":{"line":68,"column":26}},"15":{"start":{"line":70,"column":16},"end":{"line":72,"column":18}},"16":{"start":{"line":74,"column":4},"end":{"line":77,"column":5}},"17":{"start":{"line":75,"column":6},"end":{"line":76,"column":28}},"18":{"start":{"line":79,"column":4},"end":{"line":79,"column":27}},"19":{"start":{"line":81,"column":4},"end":{"line":81,"column":16}},"20":{"start":{"line":85,"column":18},"end":{"line":85,"column":54}},"21":{"start":{"line":86,"column":22},"end":{"line":86,"column":64}},"22":{"start":{"line":88,"column":4},"end":{"line":88,"column":20}},"23":{"start":{"line":92,"column":4},"end":{"line":94,"column":5}},"24":{"start":{"line":93,"column":6},"end":{"line":93,"column":80}},"25":{"start":{"line":95,"column":4},"end":{"line":97,"column":5}},"26":{"start":{"line":96,"column":6},"end":{"line":96,"column":83}},"27":{"start":{"line":98,"column":4},"end":{"line":100,"column":5}},"28":{"start":{"line":99,"column":6},"end":{"line":99,"column":85}},"29":{"start":{"line":102,"column":23},"end":{"line":102,"column":49}},"30":{"start":{"line":104,"column":22},"end":{"line":106,"column":34}},"31":{"start":{"line":106,"column":19},"end":{"line":106,"column":33}},"32":{"start":{"line":108,"column":4},"end":{"line":112,"column":5}},"33":{"start":{"line":109,"column":6},"end":{"line":111,"column":7}},"34":{"start":{"line":110,"column":8},"end":{"line":110,"column":38}},"35":{"start":{"line":114,"column":4},"end":{"line":114,"column":20}},"36":{"start":{"line":121,"column":22},"end":{"line":121,"column":26}},"37":{"start":{"line":122,"column":18},"end":{"line":122,"column":38}},"38":{"start":{"line":123,"column":4},"end":{"line":123,"column":53}},"39":{"start":{"line":127,"column":18},"end":{"line":131,"column":16}},"40":{"start":{"line":133,"column":4},"end":{"line":133,"column":53}},"41":{"start":{"line":137,"column":4},"end":{"line":137,"column":37}},"42":{"start":{"line":138,"column":4},"end":{"line":138,"column":40}},"43":{"start":{"line":142,"column":31},"end":{"line":142,"column":47}},"44":{"start":{"line":143,"column":19},"end":{"line":143,"column":23}},"45":{"start":{"line":145,"column":4},"end":{"line":154,"column":5}},"46":{"start":{"line":146,"column":6},"end":{"line":153,"column":7}},"47":{"start":{"line":147,"column":27},"end":{"line":147,"column":46}},"48":{"start":{"line":148,"column":29},"end":{"line":148,"column":46}},"49":{"start":{"line":149,"column":24},"end":{"line":149,"column":70}},"50":{"start":{"line":151,"column":8},"end":{"line":152,"column":60}},"51":{"start":{"line":152,"column":30},"end":{"line":152,"column":59}},"52":{"start":{"line":158,"column":34},"end":{"line":158,"column":50}},"53":{"start":{"line":159,"column":19},"end":{"line":159,"column":23}},"54":{"start":{"line":161,"column":4},"end":{"line":195,"column":5}},"55":{"start":{"line":162,"column":6},"end":{"line":194,"column":7}},"56":{"start":{"line":163,"column":29},"end":{"line":163,"column":49}},"57":{"start":{"line":165,"column":32},"end":{"line":165,"column":43}},"58":{"start":{"line":166,"column":35},"end":{"line":166,"column":59}},"59":{"start":{"line":167,"column":33},"end":{"line":167,"column":75}},"60":{"start":{"line":169,"column":26},"end":{"line":169,"column":49}},"61":{"start":{"line":170,"column":29},"end":{"line":170,"column":55}},"62":{"start":{"line":172,"column":27},"end":{"line":175,"column":10}},"63":{"start":{"line":176,"column":29},"end":{"line":176,"column":47}},"64":{"start":{"line":178,"column":22},"end":{"line":185,"column":9}},"65":{"start":{"line":187,"column":8},"end":{"line":187,"column":43}},"66":{"start":{"line":189,"column":27},"end":{"line":189,"column":65}},"67":{"start":{"line":191,"column":8},"end":{"line":193,"column":46}},"68":{"start":{"line":193,"column":23},"end":{"line":193,"column":45}},"69":{"start":{"line":199,"column":22},"end":{"line":199,"column":26}},"70":{"start":{"line":201,"column":18},"end":{"line":206,"column":16}},"71":{"start":{"line":208,"column":4},"end":{"line":208,"column":16}},"72":{"start":{"line":212,"column":18},"end":{"line":212,"column":44}},"73":{"start":{"line":213,"column":23},"end":{"line":213,"column":49}},"74":{"start":{"line":214,"column":22},"end":{"line":214,"column":40}},"75":{"start":{"line":216,"column":4},"end":{"line":218,"column":5}},"76":{"start":{"line":217,"column":6},"end":{"line":217,"column":17}},"77":{"start":{"line":220,"column":21},"end":{"line":220,"column":40}},"78":{"start":{"line":222,"column":4},"end":{"line":222,"column":19}},"79":{"start":{"line":226,"column":19},"end":{"line":226,"column":21}},"80":{"start":{"line":228,"column":4},"end":{"line":230,"column":5}},"81":{"start":{"line":229,"column":6},"end":{"line":229,"column":29}},"82":{"start":{"line":232,"column":4},"end":{"line":232,"column":17}},"83":{"start":{"line":236,"column":22},"end":{"line":236,"column":38}},"84":{"start":{"line":238,"column":19},"end":{"line":238,"column":39}},"85":{"start":{"line":240,"column":18},"end":{"line":243,"column":16}},"86":{"start":{"line":245,"column":23},"end":{"line":245,"column":61}},"87":{"start":{"line":246,"column":23},"end":{"line":246,"column":41}},"88":{"start":{"line":248,"column":4},"end":{"line":248,"column":35}},"89":{"start":{"line":252,"column":21},"end":{"line":252,"column":37}},"90":{"start":{"line":253,"column":4},"end":{"line":253,"column":25}},"91":{"start":{"line":255,"column":4},"end":{"line":255,"column":33}},"92":{"start":{"line":257,"column":4},"end":{"line":257,"column":19}},"93":{"start":{"line":261,"column":22},"end":{"line":261,"column":26}},"94":{"start":{"line":263,"column":18},"end":{"line":266,"column":16}},"95":{"start":{"line":268,"column":4},"end":{"line":268,"column":16}},"96":{"start":{"line":272,"column":24},"end":{"line":272,"column":42}},"97":{"start":{"line":274,"column":18},"end":{"line":274,"column":48}},"98":{"start":{"line":275,"column":4},"end":{"line":275,"column":30}},"99":{"start":{"line":277,"column":4},"end":{"line":277,"column":37}},"100":{"start":{"line":281,"column":4},"end":{"line":281,"column":43}},"101":{"start":{"line":285,"column":22},"end":{"line":285,"column":26}},"102":{"start":{"line":287,"column":18},"end":{"line":290,"column":16}},"103":{"start":{"line":292,"column":4},"end":{"line":292,"column":16}},"104":{"start":{"line":296,"column":4},"end":{"line":300,"column":5}},"105":{"start":{"line":297,"column":20},"end":{"line":297,"column":58}},"106":{"start":{"line":298,"column":6},"end":{"line":298,"column":22}},"107":{"start":{"line":299,"column":6},"end":{"line":299,"column":17}},"108":{"start":{"line":302,"column":18},"end":{"line":302,"column":56}},"109":{"start":{"line":303,"column":4},"end":{"line":303,"column":30}},"110":{"start":{"line":304,"column":21},"end":{"line":304,"column":39}},"111":{"start":{"line":305,"column":4},"end":{"line":305,"column":33}},"112":{"start":{"line":306,"column":4},"end":{"line":306,"column":19}}},"fnMap":{"0":{"name":"(anonymous_0)","decl":{"start":{"line":14,"column":2},"end":{"line":14,"column":3}},"loc":{"start":{"line":14,"column":29},"end":{"line":19,"column":3}}},"1":{"name":"(anonymous_1)","decl":{"start":{"line":26,"column":2},"end":{"line":26,"column":3}},"loc":{"start":{"line":26,"column":21},"end":{"line":32,"column":3}}},"2":{"name":"(anonymous_2)","decl":{"start":{"line":34,"column":2},"end":{"line":34,"column":3}},"loc":{"start":{"line":34,"column":21},"end":{"line":36,"column":3}}},"3":{"name":"(anonymous_3)","decl":{"start":{"line":38,"column":2},"end":{"line":38,"column":3}},"loc":{"start":{"line":38,"column":23},"end":{"line":40,"column":3}}},"4":{"name":"(anonymous_4)","decl":{"start":{"line":42,"column":2},"end":{"line":42,"column":3}},"loc":{"start":{"line":42,"column":23},"end":{"line":44,"column":3}}},"5":{"name":"(anonymous_5)","decl":{"start":{"line":46,"column":2},"end":{"line":46,"column":3}},"loc":{"start":{"line":46,"column":26},"end":{"line":48,"column":3}}},"6":{"name":"(anonymous_6)","decl":{"start":{"line":50,"column":2},"end":{"line":50,"column":3}},"loc":{"start":{"line":50,"column":43},"end":{"line":61,"column":3}}},"7":{"name":"(anonymous_7)","decl":{"start":{"line":63,"column":2},"end":{"line":63,"column":3}},"loc":{"start":{"line":63,"column":22},"end":{"line":65,"column":3}}},"8":{"name":"(anonymous_8)","decl":{"start":{"line":67,"column":2},"end":{"line":67,"column":3}},"loc":{"start":{"line":67,"column":41},"end":{"line":82,"column":3}}},"9":{"name":"(anonymous_9)","decl":{"start":{"line":84,"column":2},"end":{"line":84,"column":3}},"loc":{"start":{"line":84,"column":40},"end":{"line":89,"column":3}}},"10":{"name":"(anonymous_10)","decl":{"start":{"line":91,"column":2},"end":{"line":91,"column":3}},"loc":{"start":{"line":91,"column":53},"end":{"line":115,"column":3}}},"11":{"name":"(anonymous_11)","decl":{"start":{"line":106,"column":11},"end":{"line":106,"column":12}},"loc":{"start":{"line":106,"column":19},"end":{"line":106,"column":33}}},"12":{"name":"(anonymous_12)","decl":{"start":{"line":120,"column":2},"end":{"line":120,"column":3}},"loc":{"start":{"line":120,"column":30},"end":{"line":124,"column":3}}},"13":{"name":"(anonymous_13)","decl":{"start":{"line":126,"column":2},"end":{"line":126,"column":3}},"loc":{"start":{"line":126,"column":37},"end":{"line":134,"column":3}}},"14":{"name":"(anonymous_14)","decl":{"start":{"line":136,"column":2},"end":{"line":136,"column":3}},"loc":{"start":{"line":136,"column":24},"end":{"line":139,"column":3}}},"15":{"name":"(anonymous_15)","decl":{"start":{"line":141,"column":2},"end":{"line":141,"column":3}},"loc":{"start":{"line":141,"column":31},"end":{"line":155,"column":3}}},"16":{"name":"(anonymous_16)","decl":{"start":{"line":152,"column":15},"end":{"line":152,"column":16}},"loc":{"start":{"line":152,"column":30},"end":{"line":152,"column":59}}},"17":{"name":"(anonymous_17)","decl":{"start":{"line":157,"column":2},"end":{"line":157,"column":3}},"loc":{"start":{"line":157,"column":34},"end":{"line":196,"column":3}}},"18":{"name":"(anonymous_18)","decl":{"start":{"line":193,"column":15},"end":{"line":193,"column":16}},"loc":{"start":{"line":193,"column":23},"end":{"line":193,"column":45}}},"19":{"name":"(anonymous_19)","decl":{"start":{"line":198,"column":2},"end":{"line":198,"column":3}},"loc":{"start":{"line":198,"column":31},"end":{"line":209,"column":3}}},"20":{"name":"(anonymous_20)","decl":{"start":{"line":211,"column":2},"end":{"line":211,"column":3}},"loc":{"start":{"line":211,"column":23},"end":{"line":223,"column":3}}},"21":{"name":"(anonymous_21)","decl":{"start":{"line":225,"column":2},"end":{"line":225,"column":3}},"loc":{"start":{"line":225,"column":18},"end":{"line":233,"column":3}}},"22":{"name":"(anonymous_22)","decl":{"start":{"line":235,"column":2},"end":{"line":235,"column":3}},"loc":{"start":{"line":235,"column":15},"end":{"line":249,"column":3}}},"23":{"name":"(anonymous_23)","decl":{"start":{"line":251,"column":2},"end":{"line":251,"column":3}},"loc":{"start":{"line":251,"column":30},"end":{"line":258,"column":3}}},"24":{"name":"(anonymous_24)","decl":{"start":{"line":260,"column":2},"end":{"line":260,"column":3}},"loc":{"start":{"line":260,"column":35},"end":{"line":269,"column":3}}},"25":{"name":"(anonymous_25)","decl":{"start":{"line":271,"column":2},"end":{"line":271,"column":3}},"loc":{"start":{"line":271,"column":27},"end":{"line":278,"column":3}}},"26":{"name":"(anonymous_26)","decl":{"start":{"line":280,"column":2},"end":{"line":280,"column":3}},"loc":{"start":{"line":280,"column":18},"end":{"line":282,"column":3}}},"27":{"name":"(anonymous_27)","decl":{"start":{"line":284,"column":2},"end":{"line":284,"column":3}},"loc":{"start":{"line":284,"column":43},"end":{"line":293,"column":3}}},"28":{"name":"(anonymous_28)","decl":{"start":{"line":295,"column":2},"end":{"line":295,"column":3}},"loc":{"start":{"line":295,"column":40},"end":{"line":307,"column":3}}}},"branchMap":{"0":{"loc":{"start":{"line":15,"column":4},"end":{"line":17,"column":5}},"type":"if","locations":[{"start":{"line":15,"column":4},"end":{"line":17,"column":5}},{"start":{"line":15,"column":4},"end":{"line":17,"column":5}}]},"1":{"loc":{"start":{"line":27,"column":4},"end":{"line":29,"column":5}},"type":"if","locations":[{"start":{"line":27,"column":4},"end":{"line":29,"column":5}},{"start":{"line":27,"column":4},"end":{"line":29,"column":5}}]},"2":{"loc":{"start":{"line":74,"column":4},"end":{"line":77,"column":5}},"type":"if","locations":[{"start":{"line":74,"column":4},"end":{"line":77,"column":5}},{"start":{"line":74,"column":4},"end":{"line":77,"column":5}}]},"3":{"loc":{"start":{"line":84,"column":19},"end":{"line":84,"column":38}},"type":"default-arg","locations":[{"start":{"line":84,"column":34},"end":{"line":84,"column":38}}]},"4":{"loc":{"start":{"line":92,"column":4},"end":{"line":94,"column":5}},"type":"if","locations":[{"start":{"line":92,"column":4},"end":{"line":94,"column":5}},{"start":{"line":92,"column":4},"end":{"line":94,"column":5}}]},"5":{"loc":{"start":{"line":95,"column":4},"end":{"line":97,"column":5}},"type":"if","locations":[{"start":{"line":95,"column":4},"end":{"line":97,"column":5}},{"start":{"line":95,"column":4},"end":{"line":97,"column":5}}]},"6":{"loc":{"start":{"line":98,"column":4},"end":{"line":100,"column":5}},"type":"if","locations":[{"start":{"line":98,"column":4},"end":{"line":100,"column":5}},{"start":{"line":98,"column":4},"end":{"line":100,"column":5}}]},"7":{"loc":{"start":{"line":108,"column":4},"end":{"line":112,"column":5}},"type":"if","locations":[{"start":{"line":108,"column":4},"end":{"line":112,"column":5}},{"start":{"line":108,"column":4},"end":{"line":112,"column":5}}]},"8":{"loc":{"start":{"line":145,"column":4},"end":{"line":154,"column":5}},"type":"if","locations":[{"start":{"line":145,"column":4},"end":{"line":154,"column":5}},{"start":{"line":145,"column":4},"end":{"line":154,"column":5}}]},"9":{"loc":{"start":{"line":161,"column":4},"end":{"line":195,"column":5}},"type":"if","locations":[{"start":{"line":161,"column":4},"end":{"line":195,"column":5}},{"start":{"line":161,"column":4},"end":{"line":195,"column":5}}]},"10":{"loc":{"start":{"line":216,"column":4},"end":{"line":218,"column":5}},"type":"if","locations":[{"start":{"line":216,"column":4},"end":{"line":218,"column":5}},{"start":{"line":216,"column":4},"end":{"line":218,"column":5}}]},"11":{"loc":{"start":{"line":295,"column":26},"end":{"line":295,"column":38}},"type":"default-arg","locations":[{"start":{"line":295,"column":36},"end":{"line":295,"column":38}}]},"12":{"loc":{"start":{"line":296,"column":4},"end":{"line":300,"column":5}},"type":"if","locations":[{"start":{"line":296,"column":4},"end":{"line":300,"column":5}},{"start":{"line":296,"column":4},"end":{"line":300,"column":5}}]}},"s":{"0":1,"1":4,"2":4,"3":4,"4":12,"5":10,"6":12,"7":0,"8":0,"9":4,"10":12,"11":10,"12":10,"13":8,"14":2,"15":2,"16":2,"17":0,"18":2,"19":2,"20":1,"21":1,"22":1,"23":1,"24":0,"25":1,"26":0,"27":1,"28":0,"29":1,"30":1,"31":2,"32":1,"33":0,"34":0,"35":1,"36":0,"37":0,"38":0,"39":0,"40":0,"41":0,"42":0,"43":0,"44":0,"45":0,"46":0,"47":0,"48":0,"49":0,"50":0,"51":0,"52":0,"53":0,"54":0,"55":0,"56":0,"57":0,"58":0,"59":0,"60":0,"61":0,"62":0,"63":0,"64":0,"65":0,"66":0,"67":0,"68":0,"69":4,"70":4,"71":4,"72":3,"73":3,"74":3,"75":3,"76":1,"77":2,"78":2,"79":4,"80":4,"81":7,"82":4,"83":3,"84":3,"85":3,"86":3,"87":3,"88":3,"89":2,"90":2,"91":2,"92":2,"93":2,"94":2,"95":2,"96":1,"97":1,"98":1,"99":1,"100":0,"101":1,"102":1,"103":1,"104":2,"105":1,"106":1,"107":1,"108":1,"109":1,"110":1,"111":1,"112":1},"f":{"0":4,"1":12,"2":0,"3":0,"4":4,"5":12,"6":10,"7":8,"8":2,"9":1,"10":1,"11":2,"12":0,"13":0,"14":0,"15":0,"16":0,"17":0,"18":0,"19":4,"20":3,"21":4,"22":3,"23":2,"24":2,"25":1,"26":0,"27":1,"28":2},"b":{"0":[4,0],"1":[10,2],"2":[0,2],"3":[1],"4":[0,1],"5":[0,1],"6":[0,1],"7":[0,1],"8":[0,0],"9":[0,0],"10":[1,2],"11":[1],"12":[1,1]},"_coverageSchema":"332fd63041d2c1bcb487cc26dd0d5f7d97098a6c","hash":"70ce6cc960e1dac86f787bf34a545a2a81bcfcb7"}
}
