TN:
SF:/Users/specifique/NpmLibraries/@adrianhelvik/api-toolkit/src/Controller.js
FN:10,(anonymous_0)
FN:19,(anonymous_1)
FN:23,(anonymous_2)
FN:30,(anonymous_3)
FN:38,(anonymous_4)
FN:51,(anonymous_5)
FN:61,(anonymous_6)
FN:72,(anonymous_7)
FN:87,(anonymous_8)
FN:107,(anonymous_9)
FN:128,(anonymous_10)
FN:135,(anonymous_11)
FN:147,(anonymous_12)
FN:148,routeHandler
FNF:14
FNH:12
FNDA:8,(anonymous_0)
FNDA:4,(anonymous_1)
FNDA:4,(anonymous_2)
FNDA:0,(anonymous_3)
FNDA:1,(anonymous_4)
FNDA:1,(anonymous_5)
FNDA:1,(anonymous_6)
FNDA:1,(anonymous_7)
FNDA:0,(anonymous_8)
FNDA:4,(anonymous_9)
FNDA:5,(anonymous_10)
FNDA:1,(anonymous_11)
FNDA:5,(anonymous_12)
FNDA:4,routeHandler
DA:3,1
DA:4,1
DA:5,1
DA:6,1
DA:7,1
DA:16,8
DA:20,4
DA:24,4
DA:25,4
DA:26,4
DA:27,4
DA:31,0
DA:32,0
DA:39,1
DA:40,1
DA:44,1
DA:52,1
DA:54,1
DA:62,1
DA:63,1
DA:65,1
DA:66,1
DA:73,1
DA:74,1
DA:76,1
DA:78,1
DA:88,0
DA:89,0
DA:108,4
DA:110,4
DA:111,0
DA:114,4
DA:115,4
DA:116,4
DA:117,4
DA:118,4
DA:120,4
DA:129,5
DA:137,1
DA:139,1
DA:140,5
DA:149,4
DA:150,4
DA:151,4
DA:153,0
DA:154,0
DA:155,0
DA:159,5
DA:169,1
LF:49
LH:41
BRDA:40,0,0,0
BRDA:40,0,1,1
BRDA:89,1,0,0
BRDA:89,1,1,0
BRDA:110,2,0,0
BRDA:110,2,1,4
BRF:6
BRH:2
end_of_record
TN:
SF:/Users/specifique/NpmLibraries/@adrianhelvik/api-toolkit/src/Model.js
FN:11,(anonymous_0)
FN:18,(anonymous_1)
FN:30,(anonymous_2)
FN:38,(anonymous_3)
FN:42,(anonymous_4)
FN:46,(anonymous_5)
FN:50,(anonymous_6)
FN:54,(anonymous_7)
FN:67,(anonymous_8)
FN:71,(anonymous_9)
FN:91,(anonymous_10)
FN:98,(anonymous_11)
FN:112,(anonymous_12)
FN:126,(anonymous_13)
FN:132,(anonymous_14)
FN:151,(anonymous_15)
FN:156,(anonymous_16)
FN:167,(anonymous_17)
FN:179,(anonymous_18)
FN:192,(anonymous_19)
FN:225,(anonymous_20)
FN:230,(anonymous_21)
FN:246,(anonymous_22)
FN:262,(anonymous_23)
FN:280,(anonymous_24)
FN:290,(anonymous_25)
FN:310,(anonymous_26)
FN:319,(anonymous_27)
FN:333,(anonymous_28)
FN:342,(anonymous_29)
FN:346,(anonymous_30)
FN:360,(anonymous_31)
FNF:32
FNH:24
FNDA:13,(anonymous_0)
FNDA:4,(anonymous_1)
FNDA:19,(anonymous_2)
FNDA:0,(anonymous_3)
FNDA:0,(anonymous_4)
FNDA:4,(anonymous_5)
FNDA:15,(anonymous_6)
FNDA:12,(anonymous_7)
FNDA:10,(anonymous_8)
FNDA:2,(anonymous_9)
FNDA:1,(anonymous_10)
FNDA:2,(anonymous_11)
FNDA:3,(anonymous_12)
FNDA:0,(anonymous_13)
FNDA:1,(anonymous_14)
FNDA:0,(anonymous_15)
FNDA:1,(anonymous_16)
FNDA:1,(anonymous_17)
FNDA:1,(anonymous_18)
FNDA:0,(anonymous_19)
FNDA:0,(anonymous_20)
FNDA:5,(anonymous_21)
FNDA:0,(anonymous_22)
FNDA:4,(anonymous_23)
FNDA:4,(anonymous_24)
FNDA:3,(anonymous_25)
FNDA:2,(anonymous_26)
FNDA:2,(anonymous_27)
FNDA:1,(anonymous_28)
FNDA:0,(anonymous_29)
FNDA:1,(anonymous_30)
FNDA:2,(anonymous_31)
DA:12,13
DA:19,4
DA:20,4
DA:22,4
DA:31,19
DA:32,12
DA:35,19
DA:39,0
DA:43,0
DA:47,4
DA:51,15
DA:55,12
DA:61,12
DA:68,10
DA:72,2
DA:74,2
DA:78,2
DA:79,0
DA:83,2
DA:85,2
DA:92,1
DA:93,1
DA:95,1
DA:99,2
DA:100,0
DA:102,2
DA:103,0
DA:105,2
DA:106,0
DA:109,2
DA:111,2
DA:112,3
DA:114,2
DA:115,0
DA:116,0
DA:120,2
DA:127,0
DA:128,0
DA:129,0
DA:133,1
DA:134,0
DA:137,1
DA:143,1
DA:148,1
DA:152,0
DA:153,0
DA:157,1
DA:159,1
DA:160,1
DA:162,1
DA:168,1
DA:170,1
DA:171,0
DA:174,1
DA:176,1
DA:180,1
DA:181,0
DA:186,1
DA:193,0
DA:194,0
DA:196,0
DA:197,0
DA:198,0
DA:200,0
DA:201,0
DA:202,0
DA:204,0
DA:205,0
DA:207,0
DA:211,0
DA:213,0
DA:222,0
DA:224,0
DA:225,0
DA:231,5
DA:233,5
DA:240,5
DA:247,0
DA:254,0
DA:255,0
DA:257,0
DA:259,0
DA:263,4
DA:264,0
DA:267,4
DA:268,4
DA:269,4
DA:271,4
DA:272,1
DA:275,3
DA:277,3
DA:281,4
DA:283,4
DA:284,7
DA:287,4
DA:291,3
DA:293,3
DA:295,3
DA:300,3
DA:305,3
DA:307,3
DA:311,2
DA:312,2
DA:314,2
DA:316,2
DA:320,2
DA:322,2
DA:327,2
DA:334,1
DA:336,1
DA:337,1
DA:339,1
DA:343,0
DA:347,1
DA:349,1
DA:354,1
DA:361,2
DA:362,1
DA:363,1
DA:364,1
DA:367,1
DA:368,1
DA:369,1
DA:370,1
DA:371,1
LF:125
LH:86
BRDA:19,0,0,4
BRDA:19,0,1,0
BRDA:31,1,0,12
BRDA:31,1,1,7
BRDA:78,2,0,0
BRDA:78,2,1,2
BRDA:91,3,0,1
BRDA:99,4,0,0
BRDA:99,4,1,2
BRDA:102,5,0,0
BRDA:102,5,1,2
BRDA:105,6,0,0
BRDA:105,6,1,2
BRDA:114,7,0,0
BRDA:114,7,1,2
BRDA:133,8,0,0
BRDA:133,8,1,1
BRDA:159,9,0,1
BRDA:159,9,1,0
BRDA:170,10,0,0
BRDA:170,10,1,1
BRDA:180,11,0,0
BRDA:180,11,1,1
BRDA:196,12,0,0
BRDA:196,12,1,0
BRDA:246,13,0,0
BRDA:263,14,0,0
BRDA:263,14,1,4
BRDA:263,15,0,4
BRDA:263,15,1,4
BRDA:271,16,0,1
BRDA:271,16,1,3
BRDA:360,17,0,1
BRDA:361,18,0,1
BRDA:361,18,1,1
BRF:35
BRH:21
end_of_record
