TN:
SF:/Users/specifique/NpmLibraries/@adrianhelvik/api-toolkit/src/Controller.js
FN:10,(anonymous_0)
FN:19,(anonymous_1)
FN:23,(anonymous_2)
FN:30,(anonymous_3)
FN:38,(anonymous_4)
FN:51,(anonymous_5)
FN:61,(anonymous_6)
FN:72,(anonymous_7)
FN:87,(anonymous_8)
FN:107,(anonymous_9)
FN:126,(anonymous_10)
FN:138,(anonymous_11)
FN:139,routeHandler
FNF:13
FNH:11
FNDA:8,(anonymous_0)
FNDA:4,(anonymous_1)
FNDA:4,(anonymous_2)
FNDA:0,(anonymous_3)
FNDA:1,(anonymous_4)
FNDA:1,(anonymous_5)
FNDA:1,(anonymous_6)
FNDA:1,(anonymous_7)
FNDA:0,(anonymous_8)
FNDA:4,(anonymous_9)
FNDA:1,(anonymous_10)
FNDA:5,(anonymous_11)
FNDA:4,routeHandler
DA:3,1
DA:4,1
DA:5,1
DA:6,1
DA:7,1
DA:16,8
DA:20,4
DA:24,4
DA:25,4
DA:26,4
DA:27,4
DA:31,0
DA:32,0
DA:39,1
DA:40,1
DA:44,1
DA:52,1
DA:54,1
DA:62,1
DA:63,1
DA:65,1
DA:66,1
DA:73,1
DA:74,1
DA:76,1
DA:78,1
DA:88,0
DA:89,0
DA:108,4
DA:110,4
DA:111,0
DA:114,4
DA:115,4
DA:116,4
DA:117,4
DA:118,4
DA:120,4
DA:128,1
DA:130,1
DA:131,5
DA:140,4
DA:141,4
DA:142,4
DA:144,0
DA:145,0
DA:146,0
DA:150,5
DA:160,1
LF:48
LH:40
BRDA:40,0,0,0
BRDA:40,0,1,1
BRDA:89,1,0,0
BRDA:89,1,1,0
BRDA:110,2,0,0
BRDA:110,2,1,4
BRF:6
BRH:2
end_of_record
TN:
SF:/Users/specifique/NpmLibraries/@adrianhelvik/api-toolkit/src/Model.js
FN:14,(anonymous_0)
FN:26,(anonymous_1)
FN:34,(anonymous_2)
FN:38,(anonymous_3)
FN:42,(anonymous_4)
FN:46,(anonymous_5)
FN:50,(anonymous_6)
FN:63,(anonymous_7)
FN:67,(anonymous_8)
FN:84,(anonymous_9)
FN:91,(anonymous_10)
FN:106,(anonymous_11)
FN:120,(anonymous_12)
FN:126,(anonymous_13)
FN:136,(anonymous_14)
FN:141,(anonymous_15)
FN:152,(anonymous_16)
FN:157,(anonymous_17)
FN:193,(anonymous_18)
FN:198,(anonymous_19)
FN:211,(anonymous_20)
FN:225,(anonymous_21)
FN:235,(anonymous_22)
FN:251,(anonymous_23)
FN:260,(anonymous_24)
FN:271,(anonymous_25)
FN:280,(anonymous_26)
FN:284,(anonymous_27)
FN:295,(anonymous_28)
FNF:29
FNH:19
FNDA:4,(anonymous_0)
FNDA:12,(anonymous_1)
FNDA:0,(anonymous_2)
FNDA:0,(anonymous_3)
FNDA:4,(anonymous_4)
FNDA:12,(anonymous_5)
FNDA:10,(anonymous_6)
FNDA:8,(anonymous_7)
FNDA:2,(anonymous_8)
FNDA:1,(anonymous_9)
FNDA:1,(anonymous_10)
FNDA:2,(anonymous_11)
FNDA:0,(anonymous_12)
FNDA:0,(anonymous_13)
FNDA:0,(anonymous_14)
FNDA:0,(anonymous_15)
FNDA:0,(anonymous_16)
FNDA:0,(anonymous_17)
FNDA:0,(anonymous_18)
FNDA:4,(anonymous_19)
FNDA:3,(anonymous_20)
FNDA:4,(anonymous_21)
FNDA:3,(anonymous_22)
FNDA:2,(anonymous_23)
FNDA:2,(anonymous_24)
FNDA:1,(anonymous_25)
FNDA:0,(anonymous_26)
FNDA:1,(anonymous_27)
FNDA:2,(anonymous_28)
DA:4,1
DA:15,4
DA:16,4
DA:18,4
DA:27,12
DA:28,10
DA:31,12
DA:35,0
DA:39,0
DA:43,4
DA:47,12
DA:51,10
DA:57,10
DA:64,8
DA:68,2
DA:70,2
DA:74,2
DA:75,0
DA:79,2
DA:81,2
DA:85,1
DA:86,1
DA:88,1
DA:92,1
DA:93,0
DA:95,1
DA:96,0
DA:98,1
DA:99,0
DA:102,1
DA:104,1
DA:106,2
DA:108,1
DA:109,0
DA:110,0
DA:114,1
DA:121,0
DA:122,0
DA:123,0
DA:127,0
DA:133,0
DA:137,0
DA:138,0
DA:142,0
DA:143,0
DA:145,0
DA:146,0
DA:147,0
DA:148,0
DA:149,0
DA:151,0
DA:152,0
DA:158,0
DA:159,0
DA:161,0
DA:162,0
DA:163,0
DA:165,0
DA:166,0
DA:167,0
DA:169,0
DA:170,0
DA:172,0
DA:176,0
DA:178,0
DA:187,0
DA:189,0
DA:191,0
DA:193,0
DA:199,4
DA:201,4
DA:208,4
DA:212,3
DA:213,3
DA:214,3
DA:216,3
DA:217,1
DA:220,2
DA:222,2
DA:226,4
DA:228,4
DA:229,7
DA:232,4
DA:236,3
DA:238,3
DA:240,3
DA:245,3
DA:246,3
DA:248,3
DA:252,2
DA:253,2
DA:255,2
DA:257,2
DA:261,2
DA:263,2
DA:268,2
DA:272,1
DA:274,1
DA:275,1
DA:277,1
DA:281,0
DA:285,1
DA:287,1
DA:292,1
DA:296,2
DA:297,1
DA:298,1
DA:299,1
DA:302,1
DA:303,1
DA:304,1
DA:305,1
DA:306,1
LF:113
LH:71
BRDA:15,0,0,4
BRDA:15,0,1,0
BRDA:27,1,0,10
BRDA:27,1,1,2
BRDA:74,2,0,0
BRDA:74,2,1,2
BRDA:84,3,0,1
BRDA:92,4,0,0
BRDA:92,4,1,1
BRDA:95,5,0,0
BRDA:95,5,1,1
BRDA:98,6,0,0
BRDA:98,6,1,1
BRDA:108,7,0,0
BRDA:108,7,1,1
BRDA:145,8,0,0
BRDA:145,8,1,0
BRDA:161,9,0,0
BRDA:161,9,1,0
BRDA:216,10,0,1
BRDA:216,10,1,2
BRDA:295,11,0,1
BRDA:296,12,0,1
BRDA:296,12,1,1
BRF:24
BRH:14
end_of_record
